[    1442ms] [ERROR] Failed to load resource: the server responded with a status of 401 () @ https://smartstickynotes-2rwyvutof-anzhi-s-projects.vercel.app/:0
[    5074ms] [LOG] %c
▲

__  __                                     _            __
\ \/ /___  __  __   _________ _____       (_)_  _______/ /_
 \  / __ \/ / / /  / ___/ __ `/ __ \     / / / / / ___/ __/
 / / /_/ / /_/ /  / /__/ /_/ / / / /    / / /_/ (__  ) /_
/_/\____/\__,_/   \___/\__,_/_/ /_/  __/ /\__,_/____/\__/
         __    _          __  __    /___/
   _____/ /_  (_)___     / /_/ /_  (_)___  ____ ______
  / ___/ __ \/ / __ \   / __/ __ \/ / __ \/ __ `/ ___/
 (__  ) / / / / /_/ /  / /_/ / / / / / / / /_/ (__  )
/____/_/ /_/_/ .___/   \__/_/ /_/_/_/ /_/\__, /____/
            /_/                         /____/
  

Hello!

- Open Source https://vercel.com/oss
- Careers https://vercel.com/careers
- Status https://vercel-status.com

 font-family: "Geist Mono", monospace; white-space: pre; line-height: 1; @ https://vercel.com/_next/static/immutable/chunks/0-ks46k3iq52l.js:78
[    7846ms] [WARNING] [GSI_LOGGER]: Your client application uses one of the Google One Tap prompt UI status methods that may stop functioning when FedCM becomes mandatory. Refer to the migration guide to update your code accordingly and opt-in to FedCM to test your changes. Learn more: https://developers.google.com/identity/gsi/web/guides/fedcm-migration?s=dc#display_moment and https://developers.google.com/identity/gsi/web/guides/fedcm-migration?s=dc#skipped_moment @ https://accounts.google.com/gsi/client:86
[    7868ms] [ERROR] Not signed in with the identity provider. @ https://vercel.com/login?next=%2Fsso-api%3Furl%3Dhttps%253A%252F%252Fsmartstickynotes-2rwyvutof-anzhi-s-projects.vercel.app%252F%26nonce%3D945295e3bf41882ddf54bc46b4f95351d413c3305ec8a6485df8272e280f7f00:0
[    8606ms] [WARNING] Deprecated API for given entry type. @ https://vercel.com/_next/static/immutable/chunks/2tnbrlqru_fp5.js:18
[    8940ms] [ERROR] [GSI_LOGGER]: FedCM get() rejects with AbortError: signal is aborted without reason @ https://vercel.com/_next/static/immutable/chunks/1jg4_tdlkymeq.js:1
[    9180ms] [ERROR] Failed to load resource: the server responded with a status of 403 () @ https://vercel.com/api/jwt:0
[    9568ms] [ERROR] Failed to load resource: the server responded with a status of 429 () @ https://o205439.ingest.sentry.io/api/1323670/envelope/?sentry_key=d00780d432ac4ccf882f60dd02062e14&sentry_version=7&sentry_client=sentry.javascript.browser%2F7.111.0:0
[   19182ms] [ERROR] Failed to load resource: the server responded with a status of 503 () @ https://collector.github.com/github/collect:0
[   19260ms] [ERROR] Failed to load resource: the server responded with a status of 503 () @ https://collector.github.com/github/collect:0
[   22863ms] [INFO] Slow network is detected. See https://www.chromestatus.com/feature/5636954674692096 for more details. Fallback font will be used while loading: https://fonts.gstatic.com/s/googlesans/v62/4UaRrENHsxJlGDuGo1OIlJfC6l_24rlCK1Yo_Iq2vgCI.woff2 @ https://accounts.google.com/v3/signin/identifier?opparams=%253F&dsh=S623044065%3A1780917303849390&client_id=1078992815106-brpsupgvhheqg35tupphbh0qk9c32nq8.apps.googleusercontent.com&code_challenge=NxTEeQtKg9BkkDAYCEZuHIZvm8OLlYtwkceIxQOtw7Y&code_challenge_method=S256&nonce=47e30ba26615bdfa2780afa5e5b56699&o2v=2&prompt=select_account&redirect_uri=https%3A%2F%2Fgithub.com%2Fsessions%2Fsocial%2Fgoogle%2Fcallback&response_type=code&scope=openid+email+profile&service=lso&state=bb3b0a7e04698c11ee6dae90b0764316&flowName=GeneralOAuthFlow&continue=https%3A%2F%2Faccounts.google.com%2Fsignin%2Foauth%2Fconsent%3Fauthuser%3Dunknown%26part%3DAJi8hAP2Ph7u5ot07bcOoROZn4vYxkBCrkYs2Lks7Lx_GSuCZObdDzTkJwPLROz5h9dvRYiJITKMWlhfzkCkv3X9LeMH03WFYoGcwR40ganAT0XSDl4J4nGpVkJo_ORZfr-3pjPBpimKCHszKjBuWfgfXAL2xtLrmyahzOxPyP4jxaij5_U9I42TOWDA2dKDruHs1-tk0ZImpnXehYwe0blA6uI5m2uRZUZL5YiPhz7K_tA_b269AJQNawy-ReHOvZ-K7fRc7Kh__bKC0sriY_1NVrvL6WuYdOlTv98ClRoBbrB8tUw24eau-a6I5mIBkmjjKOmhDp7K9G68LIkH7xgoPLZVVFZNmQd4qeKcy0332s7v3PDqMuEwF_2gBgK127tkiA3iJ6SeQnh-bdAdraXQmZ0H5mkvpStgTzWRKxYdTPGt8PwP6wTgzIz6CECPVRAiWWmO4LRrUe4FFzs2lBLiuCMjCPQ1Uw%26flowName%3DGeneralOAuthFlow%26as%3DS623044065%253A1780917303849390%26client_id%3D1078992815106-brpsupgvhheqg35tupphbh0qk9c32nq8.apps.googleusercontent.com%26requestPath%3D%252Fsignin%252Foauth%252Fconsent%23&app_domain=https%3A%2F%2Fgithub.com&rart=ANgoxccT9j6S2FgHYfnouGK6gzs-1OaCG22OKXn-Rmj61wgKAEOqoZRfREEksmNuJtXzXeu-6bR5Oo-0pjTcscXygU_6mhc2rirfW60OBfEUhgVEzAE_dis:228
[   24543ms] [VERBOSE] [DOM] Password field is not contained in a form: (More info: https://goo.gl/9p2vKq) %o @ https://accounts.google.com/v3/signin/identifier?opparams=%253F&dsh=S623044065%3A1780917303849390&client_id=1078992815106-brpsupgvhheqg35tupphbh0qk9c32nq8.apps.googleusercontent.com&code_challenge=NxTEeQtKg9BkkDAYCEZuHIZvm8OLlYtwkceIxQOtw7Y&code_challenge_method=S256&nonce=47e30ba26615bdfa2780afa5e5b56699&o2v=2&prompt=select_account&redirect_uri=https%3A%2F%2Fgithub.com%2Fsessions%2Fsocial%2Fgoogle%2Fcallback&response_type=code&scope=openid+email+profile&service=lso&state=bb3b0a7e04698c11ee6dae90b0764316&flowName=GeneralOAuthFlow&continue=https%3A%2F%2Faccounts.google.com%2Fsignin%2Foauth%2Fconsent%3Fauthuser%3Dunknown%26part%3DAJi8hAP2Ph7u5ot07bcOoROZn4vYxkBCrkYs2Lks7Lx_GSuCZObdDzTkJwPLROz5h9dvRYiJITKMWlhfzkCkv3X9LeMH03WFYoGcwR40ganAT0XSDl4J4nGpVkJo_ORZfr-3pjPBpimKCHszKjBuWfgfXAL2xtLrmyahzOxPyP4jxaij5_U9I42TOWDA2dKDruHs1-tk0ZImpnXehYwe0blA6uI5m2uRZUZL5YiPhz7K_tA_b269AJQNawy-ReHOvZ-K7fRc7Kh__bKC0sriY_1NVrvL6WuYdOlTv98ClRoBbrB8tUw24eau-a6I5mIBkmjjKOmhDp7K9G68LIkH7xgoPLZVVFZNmQd4qeKcy0332s7v3PDqMuEwF_2gBgK127tkiA3iJ6SeQnh-bdAdraXQmZ0H5mkvpStgTzWRKxYdTPGt8PwP6wTgzIz6CECPVRAiWWmO4LRrUe4FFzs2lBLiuCMjCPQ1Uw%26flowName%3DGeneralOAuthFlow%26as%3DS623044065%253A1780917303849390%26client_id%3D1078992815106-brpsupgvhheqg35tupphbh0qk9c32nq8.apps.googleusercontent.com%26requestPath%3D%252Fsignin%252Foauth%252Fconsent%23&app_domain=https%3A%2F%2Fgithub.com&rart=ANgoxccT9j6S2FgHYfnouGK6gzs-1OaCG22OKXn-Rmj61wgKAEOqoZRfREEksmNuJtXzXeu-6bR5Oo-0pjTcscXygU_6mhc2rirfW60OBfEUhgVEzAE_dis:0
[   24551ms] [LOG] %c%s color: red; background: yellow; font-size: 24px; 警告！ @ https://www.gstatic.com/_/mss/boq-identity/_/js/k=boq-identity.AccountsSignInUi.zh_CN.NjUvUz9f2hs.es5.O/am=Ed8AAABgFP8IGQD8__0_AAABBNEB37MATYCQAQAAAAAAAAAACwAA0Ag/d=1/excm=_b,_tp,identifierview/ed=1/dg=0/wt=2/ujg=1/rs=AOaEmlEHztaFDehOpKmB0I_5dDa2_ti8tw/dti=1/m=_b,_tp:546
[   24552ms] [LOG] %c%s font-size: 18px; 使用此控制台可能会导致攻击程序利用 Self-XSS 攻击冒充您并窃取您的信息。
请勿输入或粘贴您不明白的代码。 @ https://www.gstatic.com/_/mss/boq-identity/_/js/k=boq-identity.AccountsSignInUi.zh_CN.NjUvUz9f2hs.es5.O/am=Ed8AAABgFP8IGQD8__0_AAABBNEB37MATYCQAQAAAAAAAAAACwAA0Ag/d=1/excm=_b,_tp,identifierview/ed=1/dg=0/wt=2/ujg=1/rs=AOaEmlEHztaFDehOpKmB0I_5dDa2_ti8tw/dti=1/m=_b,_tp:546
